Opening database  /var/lib/findfiles/files.db
2025-02-09 13:12:37.122 ff[44266:844995] +[IMKClient subclass]: chose IMKClient_Modern
2025-02-09 13:12:37.122 ff[44266:844995] +[IMKInputSession subclass]: chose IMKInputSession_Modern
	Search: a, Results: 1000, prefixSearch: 175.104083ms, handleEntryChanged 209.011209ms.
	Search: al, Results: 1000, prefixSearch: 505.346125ms, handleEntryChanged 594.544125ms.
	Search: ala, Results: 150, prefixSearch: 528.928125ms, handleEntryChanged 539.687917ms.
	Search: alan, Results: 52, prefixSearch: 106.487709ms, handleEntryChanged 112.934959ms.
	Search: alan , Results: 18, prefixSearch: 1.047036917s, handleEntryChanged 1.053403625s.
	Search: alan , Results: 18, prefixSearch: 92.732583ms, handleEntryChanged 98.88325ms.
	Search: alan, Results: 52, prefixSearch: 108.907792ms, handleEntryChanged 114.152208ms.
	Search: alan, Results: 52, prefixSearch: 105.314334ms, handleEntryChanged 111.266875ms.
	Search: ala, Results: 150, prefixSearch: 112.923458ms, handleEntryChanged 121.973125ms.
	Search: alan, Results: 52, prefixSearch: 105.0435ms, handleEntryChanged 110.30225ms.
Opening database  /var/lib/findfiles/files.db
2025-02-09 13:26:37.801 ff[45206:856209] +[IMKClient subclass]: chose IMKClient_Modern
2025-02-09 13:26:37.801 ff[45206:856209] +[IMKInputSession subclass]: chose IMKInputSession_Modern
	Search: a, Results: 1000, prefixSearch: 9.174208ms, handleEntryChanged 174.219791ms.
	Search: al, Results: 1000, prefixSearch: 12.026125ms, handleEntryChanged 46.807958ms.
	Search: ala, Results: 1000, prefixSearch: 97.500666ms, handleEntryChanged 207.034625ms.
	Search: alan, Results: 974, prefixSearch: 256.30925ms, handleEntryChanged 351.079667ms.
	Search: alan , Results: 175, prefixSearch: 142.766375ms, handleEntryChanged 148.981584ms.
	Search: alan , Results: 175, prefixSearch: 139.114917ms, handleEntryChanged 144.979583ms.
	Search: alan 1, Results: 29, prefixSearch: 131.526958ms, handleEntryChanged 137.883417ms.
	Search: alan 1-, Results: 17, prefixSearch: 145.5405ms, handleEntryChanged 152.473375ms.
	Search: alan 1-4, Results: 3, prefixSearch: 147.07125ms, handleEntryChanged 148.343ms.
	Search: alan 1-, Results: 17, prefixSearch: 153.283875ms, handleEntryChanged 162.003959ms.
	Search: alan 1, Results: 29, prefixSearch: 110.210083ms, handleEntryChanged 116.97975ms.
	Search: alan , Results: 175, prefixSearch: 141.684875ms, handleEntryChanged 148.589041ms.
	Search: alan, Results: 974, prefixSearch: 133.396333ms, handleEntryChanged 143.205333ms.
	Search: ala, Results: 1000, prefixSearch: 53.187542ms, handleEntryChanged 71.933708ms.
	Search: al, Results: 1000, prefixSearch: 8.782291ms, handleEntryChanged 28.38725ms.
	Search: a, Results: 1000, prefixSearch: 7.788334ms, handleEntryChanged 32.154459ms.
	Search: a, Results: 1000, prefixSearch: 7.591583ms, handleEntryChanged 28.694125ms.
	Search: al, Results: 1000, prefixSearch: 8.287292ms, handleEntryChanged 27.46525ms.
	Search: ala, Results: 1000, prefixSearch: 58.723584ms, handleEntryChanged 70.350041ms.
	Search: alan, Results: 974, prefixSearch: 142.693875ms, handleEntryChanged 153.176875ms.
